This is pdfTeX, Version 3.1415926-2.5-1.40.14 (MiKTeX 2.9) (preloaded format=pdflatex 2014.9.22)  20 MAR 2015 14:36
entering extended mode
**C:/Users/v-jialn.FAREAST/Dropbox/ViTag/Mobisys/63-retrovlc.tex
(C:/Users/v-jialn.FAREAST/Dropbox/ViTag/Mobisys/63-retrovlc.tex
LaTeX2e <2011/06/27>
Babel <v3.8m> and hyphenation patterns for english, afrikaans, ancientgreek, ar
abic, armenian, assamese, basque, bengali, bokmal, bulgarian, catalan, coptic, 
croatian, czech, danish, dutch, esperanto, estonian, farsi, finnish, french, ga
lician, german, german-x-2013-05-26, greek, gujarati, hindi, hungarian, iceland
ic, indonesian, interlingua, irish, italian, kannada, kurmanji, latin, latvian,
 lithuanian, malayalam, marathi, mongolian, mongolianlmc, monogreek, ngerman, n
german-x-2013-05-26, nynorsk, oriya, panjabi, pinyin, polish, portuguese, roman
ian, russian, sanskrit, serbian, slovak, slovenian, spanish, swedish, swissgerm
an, tamil, telugu, turkish, turkmen, ukenglish, ukrainian, uppersorbian, usengl
ishmax, welsh, loaded.
(C:\Users\v-jialn.FAREAST\Dropbox\ViTag\Mobisys\sig-alternate-10pt.cls
("C:\Program Files (x86)\MiKTeX 2.9\tex\latex\graphics\epsfig.sty"
Package: epsfig 1999/02/16 v1.7a (e)psfig emulation (SPQR)

("C:\Program Files (x86)\MiKTeX 2.9\tex\latex\graphics\graphicx.sty"
Package: graphicx 1999/02/16 v1.0f Enhanced LaTeX Graphics (DPC,SPQR)

("C:\Program Files (x86)\MiKTeX 2.9\tex\latex\graphics\keyval.sty"
Package: keyval 1999/03/16 v1.13 key=value parser (DPC)
\KV@toks@=\toks14
)
("C:\Program Files (x86)\MiKTeX 2.9\tex\latex\graphics\graphics.sty"
Package: graphics 2009/02/05 v1.0o Standard LaTeX Graphics (DPC,SPQR)

("C:\Program Files (x86)\MiKTeX 2.9\tex\latex\graphics\trig.sty"
Package: trig 1999/03/16 v1.09 sin cos tan (DPC)
)
("C:\Program Files (x86)\MiKTeX 2.9\tex\latex\00miktex\graphics.cfg"
File: graphics.cfg 2007/01/18 v1.5 graphics configuration of teTeX/TeXLive
)
Package graphics Info: Driver file: pdftex.def on input line 91.

("C:\Program Files (x86)\MiKTeX 2.9\tex\latex\pdftex-def\pdftex.def"
File: pdftex.def 2011/05/27 v0.06d Graphics/color for pdfTeX

("C:\Program Files (x86)\MiKTeX 2.9\tex\generic\oberdiek\infwarerr.sty"
Package: infwarerr 2010/04/08 v1.3 Providing info/warning/error messages (HO)
)
("C:\Program Files (x86)\MiKTeX 2.9\tex\generic\oberdiek\ltxcmds.sty"
Package: ltxcmds 2011/11/09 v1.22 LaTeX kernel commands for general use (HO)
)
\Gread@gobject=\count79
))
\Gin@req@height=\dimen102
\Gin@req@width=\dimen103
)
\epsfxsize=\dimen104
\epsfysize=\dimen105
)
("C:\Program Files (x86)\MiKTeX 2.9\tex\latex\amsfonts\amssymb.sty"
Package: amssymb 2013/01/14 v3.01 AMS font symbols

("C:\Program Files (x86)\MiKTeX 2.9\tex\latex\amsfonts\amsfonts.sty"
Package: amsfonts 2013/01/14 v3.01 Basic AMSFonts support
\@emptytoks=\toks15
\symAMSa=\mathgroup4
\symAMSb=\mathgroup5
LaTeX Font Info:    Overwriting math alphabet `\mathfrak' in version `bold'
(Font)                  U/euf/m/n --> U/euf/b/n on input line 106.
))
("C:\Program Files (x86)\MiKTeX 2.9\tex\latex\amsmath\amsmath.sty"
Package: amsmath 2013/01/14 v2.14 AMS math features
\@mathmargin=\skip41

For additional information on amsmath, use the `?' option.
("C:\Program Files (x86)\MiKTeX 2.9\tex\latex\amsmath\amstext.sty"
Package: amstext 2000/06/29 v2.01

("C:\Program Files (x86)\MiKTeX 2.9\tex\latex\amsmath\amsgen.sty"
File: amsgen.sty 1999/11/30 v2.0
\@emptytoks=\toks16
\ex@=\dimen106
))
("C:\Program Files (x86)\MiKTeX 2.9\tex\latex\amsmath\amsbsy.sty"
Package: amsbsy 1999/11/29 v1.2d
\pmbraise@=\dimen107
)
("C:\Program Files (x86)\MiKTeX 2.9\tex\latex\amsmath\amsopn.sty"
Package: amsopn 1999/12/14 v2.01 operator names
)
\inf@bad=\count80
LaTeX Info: Redefining \frac on input line 210.
\uproot@=\count81
\leftroot@=\count82
LaTeX Info: Redefining \overline on input line 306.
\classnum@=\count83
\DOTSCASE@=\count84
LaTeX Info: Redefining \ldots on input line 378.
LaTeX Info: Redefining \dots on input line 381.
LaTeX Info: Redefining \cdots on input line 466.
\Mathstrutbox@=\box26
\strutbox@=\box27
\big@size=\dimen108
LaTeX Font Info:    Redeclaring font encoding OML on input line 566.
LaTeX Font Info:    Redeclaring font encoding OMS on input line 567.
\macc@depth=\count85
\c@MaxMatrixCols=\count86
\dotsspace@=\muskip10
\c@parentequation=\count87
\dspbrk@lvl=\count88
\tag@help=\toks17
\row@=\count89
\column@=\count90
\maxfields@=\count91
\andhelp@=\toks18
\eqnshift@=\dimen109
\alignsep@=\dimen110
\tagshift@=\dimen111
\tagwidth@=\dimen112
\totwidth@=\dimen113
\lineht@=\dimen114
\@envbody=\toks19
\multlinegap=\skip42
\multlinetaggap=\skip43
\mathdisplay@stack=\toks20
LaTeX Info: Redefining \[ on input line 2665.
LaTeX Info: Redefining \] on input line 2666.
)
Document Class 'sig-alternate' <22nd. April '09>. Modified by G.K.M. Tobin/Gerr
y Murray
Based in part upon document Style `acmconf' <22 May 89>. Hacked 4/91 by
shivers@cs.cmu.edu, 4/93 by theobald@cs.mcgill.ca
Excerpts were taken from (Journal Style) 'esub2acm.cls'.
****** Bugs/comments/suggestions/technicalities to Gerry Murray -- murray@hq.ac
m.org ******
Questions on the style, SIGS policies, etc. to Adrienne Griscti griscti@acm.org

\footheight=\dimen115
\@maxsep=\dimen116
\@dblmaxsep=\dimen117
\aucount=\count92
\originalaucount=\count93
\auwidth=\dimen118
\auskip=\dimen119
\auskipcount=\count94
\auskip=\dimen120
\allauboxes=\dimen121
\addauthors=\toks21
\addauflag=\count95
\subtitletext=\toks22
\savesection=\count96
\sectioncntr=\count97
\c@figure=\count98
\c@table=\count99
\titleboxnotes=\toks23
\titleboxnoteflag=\count100

LaTeX Warning: You have requested document class `sig-alternate-10pt',
               but the document class provides `sig-alternate'.

Document Class: sig-alternate 2009/04/22 - V2.4 - based on acmproc.cls V1.3 <No
v. 30 '99>
("C:\Program Files (x86)\MiKTeX 2.9\tex\latex\base\latexsym.sty"
Package: latexsym 1998/08/17 v2.2e Standard LaTeX package (lasy symbols)
\symlasy=\mathgroup6
LaTeX Font Info:    Overwriting symbol font `lasy' in version `bold'
(Font)                  U/lasy/m/n --> U/lasy/b/n on input line 47.
)
\@acmtitlebox=\box28
\titlenotecount=\count101
\tntoks=\toks24
\tntokstwo=\toks25
\tntoksthree=\toks26
\tntoksfour=\toks27
\tntoksfive=\toks28
\catcount=\count102
\conf=\toks29
\confinfo=\toks30
\c@part=\count103
\c@section=\count104
\c@subsection=\count105
\c@subsubsection=\count106
\c@paragraph=\count107

Using 'Abbrev' bibliography style
LaTeX Info: Redefining \cite on input line 1223.
\bibindent=\dimen122
\colcntr=\count108
\saveb@x=\box29
\copyrtyr=\toks31
\acmcopyr=\toks32
\boilerplate=\toks33
\copyrightetc=\toks34
("C:\Program Files (x86)\MiKTeX 2.9\tex\latex\base\fontenc.sty"
Package: fontenc 2005/09/27 v1.99g Standard LaTeX package

("C:\Program Files (x86)\MiKTeX 2.9\tex\latex\base\t1enc.def"
File: t1enc.def 2005/09/27 v1.99g Standard LaTeX file
LaTeX Font Info:    Redeclaring font encoding T1 on input line 43.
)
LaTeX Font Info:    Try loading font information for T1+aer on input line 100.

("C:\Program Files (x86)\MiKTeX 2.9\tex\latex\ae\t1aer.fd"
File: t1aer.fd 1997/11/16 Font definitions for T1/aer.
)))
(C:\Users\v-jialn.FAREAST\Dropbox\ViTag\Mobisys\preamble.tex
("C:\Program Files (x86)\MiKTeX 2.9\tex\generic\babel\babel.sty"
Package: babel 2008/07/08 v3.8m The Babel package

*************************************
* Local config file bblopts.cfg used
*
("C:\Program Files (x86)\MiKTeX 2.9\tex\latex\00miktex\bblopts.cfg"
File: bblopts.cfg 2006/07/31 v1.0 MiKTeX 'babel' configuration
)
("C:\Program Files (x86)\MiKTeX 2.9\tex\generic\babel\english.ldf"
Language: english 2005/03/30 v3.3o English support from the babel system

("C:\Program Files (x86)\MiKTeX 2.9\tex\generic\babel\babel.def"
File: babel.def 2008/07/08 v3.8m Babel common definitions
\babel@savecnt=\count109
\U@D=\dimen123
)
\l@canadian = a dialect from \language\l@american 
\l@australian = a dialect from \language\l@british 
\l@newzealand = a dialect from \language\l@british 
))
("C:\Program Files (x86)\MiKTeX 2.9\tex\latex\blindtext\blindtext.sty"
Package: blindtext 2012/01/06 V2.0 blindtext-Package

("C:\Program Files (x86)\MiKTeX 2.9\tex\latex\tools\xspace.sty"
Package: xspace 2009/10/20 v1.13 Space after command names (DPC,MH)
)
\c@blindtext=\count110
\c@Blindtext=\count111
\c@blind@countparstart=\count112
\blind@countxx=\count113
\blindtext@numBlindtext=\count114
\blind@countyy=\count115
\c@blindlist=\count116
\c@blindlistlevel=\count117
\c@blindlist@level=\count118
\blind@listitem=\count119
\c@blind@listcount=\count120
\c@blind@levelcount=\count121
\blind@mathformula=\count122
\blind@Mathformula=\count123
\c@blind@randomcount=\count124
\c@blind@randommax=\count125
\c@blind@pangramcount=\count126
\c@blind@pangrammax=\count127
)
("C:\Program Files (x86)\MiKTeX 2.9\tex\latex\hyperref\hyperref.sty"
Package: hyperref 2012/11/06 v6.83m Hypertext links for LaTeX

("C:\Program Files (x86)\MiKTeX 2.9\tex\generic\oberdiek\hobsub-hyperref.sty"
Package: hobsub-hyperref 2012/04/25 v1.12 Bundle oberdiek, subset hyperref (HO)


("C:\Program Files (x86)\MiKTeX 2.9\tex\generic\oberdiek\hobsub-generic.sty"
Package: hobsub-generic 2012/04/25 v1.12 Bundle oberdiek, subset generic (HO)
Package: hobsub 2012/04/25 v1.12 Construct package bundles (HO)
Package hobsub Info: Skipping package `infwarerr' (already loaded).
Package hobsub Info: Skipping package `ltxcmds' (already loaded).
Package: ifluatex 2010/03/01 v1.3 Provides the ifluatex switch (HO)
Package ifluatex Info: LuaTeX not detected.
Package: ifvtex 2010/03/01 v1.5 Detect VTeX and its facilities (HO)
Package ifvtex Info: VTeX not detected.
Package: intcalc 2007/09/27 v1.1 Expandable calculations with integers (HO)
Package: ifpdf 2011/01/30 v2.3 Provides the ifpdf switch (HO)
Package ifpdf Info: pdfTeX in PDF mode is detected.
Package: etexcmds 2011/02/16 v1.5 Avoid name clashes with e-TeX commands (HO)
Package etexcmds Info: Could not find \expanded.
(etexcmds)             That can mean that you are not using pdfTeX 1.50 or
(etexcmds)             that some package has redefined \expanded.
(etexcmds)             In the latter case, load this package earlier.
Package: kvsetkeys 2012/04/25 v1.16 Key value parser (HO)
Package: kvdefinekeys 2011/04/07 v1.3 Define keys (HO)
Package: pdftexcmds 2011/11/29 v0.20 Utility functions of pdfTeX for LuaTeX (HO
)
Package pdftexcmds Info: LuaTeX not detected.
Package pdftexcmds Info: \pdf@primitive is available.
Package pdftexcmds Info: \pdf@ifprimitive is available.
Package pdftexcmds Info: \pdfdraftmode found.
Package: pdfescape 2011/11/25 v1.13 Implements pdfTeX's escape features (HO)
Package: bigintcalc 2012/04/08 v1.3 Expandable calculations on big integers (HO
)
Package: bitset 2011/01/30 v1.1 Handle bit-vector datatype (HO)
Package: uniquecounter 2011/01/30 v1.2 Provide unlimited unique counter (HO)
)
Package hobsub Info: Skipping package `hobsub' (already loaded).
Package: letltxmacro 2010/09/02 v1.4 Let assignment for LaTeX macros (HO)
Package: hopatch 2011/06/24 v1.1 Wrapper for package hooks (HO)
Package: xcolor-patch 2011/01/30 xcolor patch
Package: atveryend 2011/06/30 v1.8 Hooks at the very end of document (HO)
Package atveryend Info: \enddocument detected (standard20110627).
Package: atbegshi 2011/10/05 v1.16 At begin shipout hook (HO)
Package: refcount 2011/10/16 v3.4 Data extraction from label references (HO)
Package: hycolor 2011/01/30 v1.7 Color options for hyperref/bookmark (HO)
)
("C:\Program Files (x86)\MiKTeX 2.9\tex\generic\ifxetex\ifxetex.sty"
Package: ifxetex 2010/09/12 v0.6 Provides ifxetex conditional
)
("C:\Program Files (x86)\MiKTeX 2.9\tex\latex\oberdiek\auxhook.sty"
Package: auxhook 2011/03/04 v1.3 Hooks for auxiliary files (HO)
)
("C:\Program Files (x86)\MiKTeX 2.9\tex\latex\oberdiek\kvoptions.sty"
Package: kvoptions 2011/06/30 v3.11 Key value format for package options (HO)
)
\@linkdim=\dimen124
\Hy@linkcounter=\count128
\Hy@pagecounter=\count129

("C:\Program Files (x86)\MiKTeX 2.9\tex\latex\hyperref\pd1enc.def"
File: pd1enc.def 2012/11/06 v6.83m Hyperref: PDFDocEncoding definition (HO)
)
\Hy@SavedSpaceFactor=\count130

("C:\Program Files (x86)\MiKTeX 2.9\tex\latex\00miktex\hyperref.cfg"
File: hyperref.cfg 2002/06/06 v1.2 hyperref configuration of TeXLive
)
Package hyperref Info: Option `bookmarks' set `true' on input line 4319.
Package hyperref Info: Option `colorlinks' set `false' on input line 4319.
Package hyperref Info: Option `plainpages' set `false' on input line 4319.
Package hyperref Info: Hyper figures OFF on input line 4443.
Package hyperref Info: Link nesting OFF on input line 4448.
Package hyperref Info: Hyper index ON on input line 4451.
Package hyperref Info: Plain pages OFF on input line 4458.
Package hyperref Info: Backreferencing OFF on input line 4463.
Package hyperref Info: Implicit mode ON; LaTeX internals redefined.
Package hyperref Info: Bookmarks ON on input line 4688.
\c@Hy@tempcnt=\count131

("C:\Program Files (x86)\MiKTeX 2.9\tex\latex\url\url.sty"
\Urlmuskip=\muskip11
Package: url 2013/09/16  ver 3.4  Verb mode for urls, etc.
)
LaTeX Info: Redefining \url on input line 5041.
\XeTeXLinkMargin=\dimen125
\Fld@menulength=\count132
\Field@Width=\dimen126
\Fld@charsize=\dimen127
Package hyperref Info: Hyper figures OFF on input line 6295.
Package hyperref Info: Link nesting OFF on input line 6300.
Package hyperref Info: Hyper index ON on input line 6303.
Package hyperref Info: backreferencing OFF on input line 6310.
Package hyperref Info: Link coloring OFF on input line 6315.
Package hyperref Info: Link coloring with OCG OFF on input line 6320.
Package hyperref Info: PDF/A mode OFF on input line 6325.
LaTeX Info: Redefining \ref on input line 6365.
LaTeX Info: Redefining \pageref on input line 6369.
\Hy@abspage=\count133
\c@Item=\count134
\c@Hfootnote=\count135
)

Package hyperref Message: Driver (autodetected): hpdftex.

("C:\Program Files (x86)\MiKTeX 2.9\tex\latex\hyperref\hpdftex.def"
File: hpdftex.def 2012/11/06 v6.83m Hyperref driver for pdfTeX
\Fld@listcount=\count136
\c@bookmark@seq@number=\count137

("C:\Program Files (x86)\MiKTeX 2.9\tex\latex\oberdiek\rerunfilecheck.sty"
Package: rerunfilecheck 2011/04/15 v1.7 Rerun checks for auxiliary files (HO)
Package uniquecounter Info: New unique counter `rerunfilecheck' on input line 2
82.
)
\Hy@SectionHShift=\skip44
)
("C:\Program Files (x86)\MiKTeX 2.9\tex\latex\oberdiek\epstopdf.sty"
Package: epstopdf 2010/02/09 v2.5 Conversion with epstopdf on the fly (HO)

("C:\Program Files (x86)\MiKTeX 2.9\tex\latex\oberdiek\epstopdf-base.sty"
Package: epstopdf-base 2010/02/09 v2.5 Base part for package epstopdf

("C:\Program Files (x86)\MiKTeX 2.9\tex\latex\oberdiek\grfext.sty"
Package: grfext 2010/08/19 v1.1 Manage graphics extensions (HO)
)
Package grfext Info: Graphics extension search list:
(grfext)             [.pdf,.mps,.png,.jpg,.PNG,.JPG,.eps]
(grfext)             \AppendGraphicsExtensions on input line 452.
))
("C:\Program Files (x86)\MiKTeX 2.9\tex\latex\subfigure\subfigure.sty"
Package: subfigure 2002/07/30 v2.1.4 subfigure package
\subfigtopskip=\skip45
\subfigcapskip=\skip46
\subfigcaptopadj=\dimen128
\subfigbottomskip=\skip47
\subfigcapmargin=\dimen129
\subfiglabelskip=\skip48
\c@subfigure=\count138
\c@lofdepth=\count139
\c@subtable=\count140
\c@lotdepth=\count141

****************************************
* Local config file subfigure.cfg used *
****************************************
("C:\Program Files (x86)\MiKTeX 2.9\tex\latex\subfigure\subfigure.cfg")
\subfig@top=\skip49
\subfig@bottom=\skip50
)
("C:\Program Files (x86)\MiKTeX 2.9\tex\latex\graphics\color.sty"
Package: color 2005/11/14 v1.0j Standard LaTeX Color (DPC)

("C:\Program Files (x86)\MiKTeX 2.9\tex\latex\00miktex\color.cfg"
File: color.cfg 2007/01/18 v1.5 color configuration of teTeX/TeXLive
)
Package color Info: Driver file: pdftex.def on input line 130.
)
("C:\Program Files (x86)\MiKTeX 2.9\tex\latex\multirow\multirow.sty"
\bigstrutjot=\dimen130
)
("C:\Program Files (x86)\MiKTeX 2.9\tex\latex\ulem\ulem.sty"
\UL@box=\box30
\UL@hyphenbox=\box31
\UL@skip=\skip51
\UL@hook=\toks35
\UL@height=\dimen131
\UL@pe=\count142
\UL@pixel=\dimen132
\ULC@box=\box32
Package: ulem 2012/05/18
\ULdepth=\dimen133
)
("C:\Program Files (x86)\MiKTeX 2.9\tex\latex\fmtcount\fmtcount.sty"
Package: fmtcount 2014/07/18 v3.00

("C:\Program Files (x86)\MiKTeX 2.9\tex\latex\base\ifthen.sty"
Package: ifthen 2001/05/26 v1.1c Standard LaTeX ifthen package (DPC)
)
("C:\Program Files (x86)\MiKTeX 2.9\tex\latex\etoolbox\etoolbox.sty"
Package: etoolbox 2011/01/03 v2.1 e-TeX tools for LaTeX

("C:\Program Files (x86)\MiKTeX 2.9\tex\latex\misc\etex.sty"
Package: etex 1998/03/26 v2.0 eTeX basic definition package (PEB)
\et@xins=\count143
)
\etb@tempcnta=\count144
)
("C:\Program Files (x86)\MiKTeX 2.9\tex\latex\fmtcount\fcprefix.sty"
Package: fcprefix 2012/09/28

("C:\Program Files (x86)\MiKTeX 2.9\tex\latex\fmtcount\fcnumparser.sty"
Package: fcnumparser 2012/09/28
\fc@digit@counter=\count145
))
\c@padzeroesN=\count146
\fc@tmpcatcode=\count147

("C:\Program Files (x86)\MiKTeX 2.9\tex\latex\fmtcount\fc-english.def"
File: fc-english.def 2013/08/17
)
\@DT@modctr=\count148
\@ordinalctr=\count149
\@orgargctr=\count150
\@strctr=\count151
\@tmpstrctr=\count152
\@DT@loopN=\count153
\@DT@X=\count154
)
("C:\Program Files (x86)\MiKTeX 2.9\tex\latex\psnfss\times.sty"
Package: times 2005/04/12 PSNFSS-v9.2a (SPQR) 
)
("C:\Program Files (x86)\MiKTeX 2.9\tex\latex\cite\cite.sty"
LaTeX Info: Redefining \cite on input line 302.
LaTeX Info: Redefining \nocite on input line 373.
Package: cite 2010/09/10  v 5.3
)
("C:\Program Files (x86)\MiKTeX 2.9\tex\latex\preprint\balance.sty"
Package: balance 1999/02/23 4.3 (PWD)
\oldvsize=\dimen134
)
("C:\Program Files (x86)\MiKTeX 2.9\tex\latex\tools\verbatim.sty"
Package: verbatim 2003/08/22 v1.5q LaTeX2e package for verbatim enhancements
\every@verbatim=\toks36
\verbatim@line=\toks37
\verbatim@in@stream=\read1
)
("C:\Program Files (x86)\MiKTeX 2.9\tex\latex\appendix\appendix.sty"
Package: appendix 2009/09/02 v1.2b extra appendix facilities
\c@@pps=\count155
\c@@ppsavesec=\count156
\c@@ppsaveapp=\count157
)
(C:\Users\v-jialn.FAREAST\Dropbox\ViTag\Mobisys\algorithm.sty
Package: algorithm 

Document Style `algorithm' - floating environment
("C:\Program Files (x86)\MiKTeX 2.9\tex\latex\float\float.sty"
Package: float 2001/11/08 v1.3d Float enhancements (AL)
\c@float@type=\count158
\float@exts=\toks38
\float@box=\box33
\@float@everytoks=\toks39
\@floatcapt=\box34
)
\@float@every@algorithm=\toks40
\c@algorithm=\count159
)
(C:\Users\v-jialn.FAREAST\Dropbox\ViTag\Mobisys\algpseudocode.sty
Package: algpseudocode 

(C:\Users\v-jialn.FAREAST\Dropbox\ViTag\Mobisys\algorithmicx.sty
Package: algorithmicx 2004/03/18 v1.1 Algorithmicx

Document Style algorithmicx 1.1 - a greatly improved `algorithmic' style
\c@ALG@line=\count160
\c@ALG@rem=\count161
\ALG@tlm=\skip52
\ALG@ctlm=\skip53
\algorithmicindent=\skip54
\c@ALG@blocknr=\count162
\c@ALG@tmpcounter=\count163
)
Document Style - pseudocode environments for use with the `algorithmicx' style
) ("C:\Program Files (x86)\MiKTeX 2.9\tex\latex\tools\array.sty"
Package: array 2008/09/09 v2.4c Tabular extension package (FMi)
\col@sep=\dimen135
\extrarowheight=\dimen136
\NC@list=\toks41
\extratabsurround=\skip55
\backup@length=\skip56
)
("C:\Program Files (x86)\MiKTeX 2.9\tex\latex\soul\soul.sty"
Package: soul 2003/11/17 v2.4 letterspacing/underlining (mf)
\SOUL@word=\toks42
\SOUL@lasttoken=\toks43
\SOUL@cmds=\toks44
\SOUL@buffer=\toks45
\SOUL@token=\toks46
\SOUL@spaceskip=\skip57
\SOUL@ttwidth=\dimen137
\SOUL@uldp=\dimen138
\SOUL@ulht=\dimen139
)
("C:\Program Files (x86)\MiKTeX 2.9\tex\latex\was\gensymb.sty"
Package: gensymb 2003/07/02 v1.0 (WaS)
)
\c@theorem=\count164
)
(C:\Users\v-jialn.FAREAST\Dropbox\ViTag\Mobisys\63-retrovlc.aux)
LaTeX Font Info:    Checking defaults for OML/cmm/m/it on input line 12.
LaTeX Font Info:    ... okay on input line 12.
LaTeX Font Info:    Checking defaults for T1/cmr/m/n on input line 12.
LaTeX Font Info:    ... okay on input line 12.
LaTeX Font Info:    Checking defaults for OT1/cmr/m/n on input line 12.
LaTeX Font Info:    ... okay on input line 12.
LaTeX Font Info:    Checking defaults for OMS/cmsy/m/n on input line 12.
LaTeX Font Info:    ... okay on input line 12.
LaTeX Font Info:    Checking defaults for OMX/cmex/m/n on input line 12.
LaTeX Font Info:    ... okay on input line 12.
LaTeX Font Info:    Checking defaults for U/cmr/m/n on input line 12.
LaTeX Font Info:    ... okay on input line 12.
LaTeX Font Info:    Checking defaults for PD1/pdf/m/n on input line 12.
LaTeX Font Info:    ... okay on input line 12.
LaTeX Font Info:    Try loading font information for T1+ptm on input line 12.

("C:\Program Files (x86)\MiKTeX 2.9\tex\latex\psnfss\t1ptm.fd"
File: t1ptm.fd 2001/06/04 font definitions for T1/ptm.
)
("C:\Program Files (x86)\MiKTeX 2.9\tex\context\base\supp-pdf.mkii"
[Loading MPS to PDF converter (version 2006.09.02).]
\scratchcounter=\count165
\scratchdimen=\dimen140
\scratchbox=\box35
\nofMPsegments=\count166
\nofMParguments=\count167
\everyMPshowfont=\toks47
\MPscratchCnt=\count168
\MPscratchDim=\dimen141
\MPnumerator=\count169
\makeMPintoPDFobject=\count170
\everyMPtoPDFconversion=\toks48
)
\AtBeginShipoutBox=\box36


Package hyperref Warning: Height of page (\paperheight) is invalid (0.0pt),
(hyperref)                using 11in.

Package hyperref Info: Link coloring OFF on input line 12.
("C:\Program Files (x86)\MiKTeX 2.9\tex\latex\hyperref\nameref.sty"
Package: nameref 2012/10/27 v2.43 Cross-referencing by name of section

("C:\Program Files (x86)\MiKTeX 2.9\tex\generic\oberdiek\gettitlestring.sty"
Package: gettitlestring 2010/12/03 v1.4 Cleanup title references (HO)
)
\c@section@level=\count171
)
LaTeX Info: Redefining \ref on input line 12.
LaTeX Info: Redefining \pageref on input line 12.
LaTeX Info: Redefining \nameref on input line 12.

(C:\Users\v-jialn.FAREAST\Dropbox\ViTag\Mobisys\63-retrovlc.out)
(C:\Users\v-jialn.FAREAST\Dropbox\ViTag\Mobisys\63-retrovlc.out)
\@outlinefile=\write3
LaTeX Info: Redefining \celsius on input line 12.
Package gensymb Info: Faking symbols for \degree and \celsius on input line 12.



Package gensymb Warning: Not defining \perthousand.

LaTeX Info: Redefining \ohm on input line 12.
Package gensymb Info: Using \Omega for \ohm on input line 12.

Package gensymb Warning: Not defining \micro.

LaTeX Font Info:    Try loading font information for U+msa on input line 75.
("C:\Program Files (x86)\MiKTeX 2.9\tex\latex\amsfonts\umsa.fd"
File: umsa.fd 2013/01/14 v3.01 AMS symbols A
)
LaTeX Font Info:    Try loading font information for U+msb on input line 75.

("C:\Program Files (x86)\MiKTeX 2.9\tex\latex\amsfonts\umsb.fd"
File: umsb.fd 2013/01/14 v3.01 AMS symbols B
)
LaTeX Font Info:    Try loading font information for U+lasy on input line 75.

("C:\Program Files (x86)\MiKTeX 2.9\tex\latex\base\ulasy.fd"
File: ulasy.fd 1998/08/17 v2.2e LaTeX symbol font definitions
)
Overfull \hbox (3.21056pt too wide) in paragraph at lines 75--75
 []\eaddfnt anglil@cs.washington.edu| 
 []


Overfull \hbox (6.10265pt too wide) in paragraph at lines 75--75
 []\eaddfnt jacky.shen@microsoft.com| 
 []

(C:\Users\v-jialn.FAREAST\Dropbox\ViTag\Mobisys\abstract.tex
Overfull \hbox (4.00781pt too wide) in paragraph at lines 1--4
\T1/ptm/m/n/10 for both il-lu-mi-na-tion and com-mu-ni-ca-tion pur-poses. The u
biq-
 []


Overfull \hbox (5.29808pt too wide) in paragraph at lines 1--4
\T1/ptm/m/n/10 We have pro-to-typed the reader sys-tem and made a few battery-
 []

) (C:\Users\v-jialn.FAREAST\Dropbox\ViTag\Mobisys\intro.tex
Overfull \hbox (5.51703pt too wide) in paragraph at lines 6--7
\T1/ptm/m/n/10 paradigm'' of si-mul-ta-ne-ous il-lu-mi-na-tion and vis-i-ble li
ght com-
 []


Overfull \hbox (8.1672pt too wide) in paragraph at lines 12--13
\T1/ptm/m/n/10 ter-me-di-ate light con-cen-trat-ing op-ti-cal com-po-nents (\T1
/ptm/m/it/10 e.g. \T1/ptm/m/n/10 lenses)
 []

<./fig/system.pdf, id=107, 386.94562pt x 238.64156pt>
File: ./fig/system.pdf Graphic file (type pdf)
 <use ./fig/system.pdf>
Package pdftex.def Info: ./fig/system.pdf used on input line 31.
(pdftex.def)             Requested size: 215.99854pt x 133.21231pt.
LaTeX Font Info:    Font shape `T1/ptm/bx/n' in size <10> not available
(Font)              Font shape `T1/ptm/b/n' tried instead on input line 32.

Underfull \vbox (badness 10000) has occurred while \output is active []

 [1{C:/ProgramData/MiKTeX/2.9/pdftex/config/pdftex.map}


]
Underfull \vbox (badness 10000) has occurred while \output is active []


Underfull \vbox (badness 10000) has occurred while \output is active []

 [2pdfTeX warning (ext4): destination with the same identifier (name{figure.1})
 has been already used, duplicate ignored

\AtBegShi@Output ...ipout \box \AtBeginShipoutBox 
                                                  \fi \fi 
l.97 
      <C:/Users/v-jialn.FAREAST/Dropbox/ViTag/Mobisys/fig/system.pdf>])
(C:\Users\v-jialn.FAREAST\Dropbox\ViTag\Mobisys\related.tex
Overfull \hbox (3.79701pt too wide) in paragraph at lines 6--13
\T1/ptm/m/n/10 LED-to-LED sys-tems [[]31[], []34[]] con-sider vis-i-ble light n
et-works,
 []


Overfull \hbox (2.69734pt too wide) in paragraph at lines 19--20
\T1/ptm/m/n/10 us-ing backscat-ter-ing and fur-ther shares de-sign prin-ci-ples
 with
 []


Overfull \hbox (11.94707pt too wide) in paragraph at lines 19--20
\T1/ptm/m/n/10 the am-bi-ent backscat-ter sys-tems are backscat-ter-ing ra-dio 
waves.
 []


Overfull \hbox (2.84735pt too wide) in paragraph at lines 19--20
\T1/ptm/m/n/10 backscat-ter-ing sys-tems. In com-par-i-son, we can eas-ily achi
eve
 []


Overfull \hbox (6.2679pt too wide) in paragraph at lines 19--20
\T1/ptm/m/n/10 and re-quire in-ten-sive tricks and sig-nif-i-cant over-head to 
achieve
 []

) (C:\Users\v-jialn.FAREAST\Dropbox\ViTag\Mobisys\bg.tex
<fig/corner_cube.pdf, id=179, 257.46187pt x 216.05719pt>
File: fig/corner_cube.pdf Graphic file (type pdf)

<use fig/corner_cube.pdf>
Package pdftex.def Info: fig/corner_cube.pdf used on input line 9.
(pdftex.def)             Requested size: 115.19897pt x 96.67096pt.

Overfull \hbox (5.0pt too wide) in paragraph at lines 9--10
[][]
 []


Underfull \hbox (badness 10000) in paragraph at lines 9--10

 []

<fig/tx90-rx90.JPG, id=180, 1116.17pt x 466.74374pt>
File: fig/tx90-rx90.JPG Graphic file (type jpg)
 <use fig/tx90-rx90.JPG>
Package pdftex.def Info: fig/tx90-rx90.JPG used on input line 13.
(pdftex.def)             Requested size: 86.39973pt x 36.1224pt.

<fig/tx45-rx90.JPG, id=181, 1084.05pt x 459.7175pt>
File: fig/tx45-rx90.JPG Graphic file (type jpg)
 <use fig/tx45-rx90.JPG>
Package pdftex.def Info: fig/tx45-rx90.JPG used on input line 14.
(pdftex.def)             Requested size: 86.39973pt x 36.63785pt.

<fig/tx45-rx45.JPG, id=182, 1136.245pt x 377.41pt>
File: fig/tx45-rx45.JPG Graphic file (type jpg)
 <use fig/tx45-rx45.JPG>
Package pdftex.def Info: fig/tx45-rx45.JPG used on input line 15.
(pdftex.def)             Requested size: 86.39973pt x 28.69612pt.

[3pdfTeX warning (ext4): destination with the same identifier (name{figure.2}) 
has been already used, duplicate ignored

\AtBegShi@Output ...ipout \box \AtBeginShipoutBox 
                                                  \fi \fi 
l.44 
      <C:/Users/v-jialn.FAREAST/Dropbox/ViTag/Mobisys/fig/corner_cube.pdf> <C:/
Users/v-jialn.FAREAST/Dropbox/ViTag/Mobisys/fig/tx90-rx90.JPG> <C:/Users/v-jial
n.FAREAST/Dropbox/ViTag/Mobisys/fig/tx45-rx90.JPG> <C:/Users/v-jialn.FAREAST/Dr
opbox/ViTag/Mobisys/fig/tx45-rx45.JPG>]
Overfull \hbox (1.15749pt too wide) in paragraph at lines 45--47
\T1/ptm/m/n/10 that would re-quire care-ful align-ment be-tween the light sourc
e
 []


Underfull \vbox (badness 10000) has occurred while \output is active []


<./fig/retro-reflector.pdf, id=223, 292.09125pt x 170.88844pt>
File: ./fig/retro-reflector.pdf Graphic file (type pdf)

<use ./fig/retro-reflector.pdf>
Package pdftex.def Info: ./fig/retro-reflector.pdf used on input line 74.
(pdftex.def)             Requested size: 110.40161pt x 64.59148pt.
Package epstopdf Info: Source file: <fig/fig3b.eps>
(epstopdf)                    date: 2014-12-05 18:12:54
(epstopdf)                    size: 29690 bytes
(epstopdf)             Output file: <fig/fig3b-eps-converted-to.pdf>
(epstopdf)                    date: 2014-12-05 18:16:27
(epstopdf)                    size: 18955 bytes
(epstopdf)             Command: <epstopdf --outfile=fig/fig3b-eps-converted-to.
pdf fig/fig3b.eps>
(epstopdf)             \includegraphics on input line 78.
Package epstopdf Info: Output file is already uptodate.

<fig/fig3b-eps-converted-to.pdf, id=224, 578.16pt x 433.62pt>
File: fig/fig3b-eps-converted-to.pdf Graphic file (type pdf)

<use fig/fig3b-eps-converted-to.pdf>
Package pdftex.def Info: fig/fig3b-eps-converted-to.pdf used on input line 78.
(pdftex.def)             Requested size: 110.40161pt x 82.79887pt.

<./fig/lcdworks-crop.png, id=227, 346.29375pt x 260.172pt>
File: ./fig/lcdworks-crop.png Graphic file (type png)

<use ./fig/lcdworks-crop.png>
Package pdftex.def Info: ./fig/lcdworks-crop.png used on input line 96.
(pdftex.def)             Requested size: 120.0pt x 90.15642pt.
Package epstopdf Info: Source file: <../illustrations/conventional_LCD_driver.e
ps>
(epstopdf)                    date: 2014-09-25 18:58:57
(epstopdf)                    size: 40602 bytes
(epstopdf)             Output file: <../illustrations/conventional_LCD_driver-e
ps-converted-to.pdf>
(epstopdf)                    date: 2014-11-25 21:53:30
(epstopdf)                    size: 13827 bytes
(epstopdf)             Command: <epstopdf --outfile=../illustrations/convention
al_LCD_driver-eps-converted-to.pdf ../illustrations/conventional_LCD_driver.eps
>
(epstopdf)             \includegraphics on input line 100.
Package epstopdf Info: Output file is already uptodate.

<../illustrations/conventional_LCD_driver-eps-converted-to.pdf, id=230, 177.663
76pt x 150.5625pt>
File: ../illustrations/conventional_LCD_driver-eps-converted-to.pdf Graphic fil
e (type pdf)

<use ../illustrations/conventional_LCD_driver-eps-converted-to.pdf>
Package pdftex.def Info: ../illustrations/conventional_LCD_driver-eps-converted
-to.pdf used on input line 100.
(pdftex.def)             Requested size: 105.60059pt x 89.49504pt.
 [4pdfTeX warning (ext4): destination with the same identifier (name{figure.3})
 has been already used, duplicate ignored

\AtBegShi@Output ...ipout \box \AtBeginShipoutBox 
                                                  \fi \fi 
l.111 
      pdfTeX warning (ext4): destination with the same identifier (name{figure.
4}) has been already used, duplicate ignored

\AtBegShi@Output ...ipout \box \AtBeginShipoutBox 
                                                  \fi \fi 
l.111 
       <C:/Users/v-jialn.FAREAST/Dropbox/ViTag/Mobisys/fig/retro-reflector.pdf>
 <C:/Users/v-jialn.FAREAST/Dropbox/ViTag/Mobisys/fig/fig3b-eps-converted-to.pdf
> <C:/Users/v-jialn.FAREAST/Dropbox/ViTag/Mobisys/fig/lcdworks-crop.png> <C:/Us
ers/v-jialn.FAREAST/Dropbox/ViTag/illustrations/conventional_LCD_driver-eps-con
verted-to.pdf>]) (C:\Users\v-jialn.FAREAST\Dropbox\ViTag\Mobisys\ov.tex
<fig/link.pdf, id=308, 501.37312pt x 295.1025pt>
File: fig/link.pdf Graphic file (type pdf)
 <use fig/link.pdf>
Package pdftex.def Info: fig/link.pdf used on input line 7.
(pdftex.def)             Requested size: 215.99854pt x 127.13475pt.

Overfull \hbox (3.55742pt too wide) in paragraph at lines 41--42
\T1/ptm/m/n/10 avoid the ex-pen-sive ADC and re-lieve the MCU from heavy
 []

<fig/reader_tag_simplified.pdf, id=313, 728.7225pt x 306.39468pt>
File: fig/reader_tag_simplified.pdf Graphic file (type pdf)

<use fig/reader_tag_simplified.pdf>
Package pdftex.def Info: fig/reader_tag_simplified.pdf used on input line 60.
(pdftex.def)             Requested size: 240.0pt x 100.90485pt.
 [5pdfTeX warning (ext4): destination with the same identifier (name{figure.5})
 has been already used, duplicate ignored

\AtBegShi@Output ...ipout \box \AtBeginShipoutBox 
                                                  \fi \fi 
l.71 
     pdfTeX warning (ext4): destination with the same identifier (name{figure.6
}) has been already used, duplicate ignored

\AtBegShi@Output ...ipout \box \AtBeginShipoutBox 
                                                  \fi \fi 
l.71 
      <C:/Users/v-jialn.FAREAST/Dropbox/ViTag/Mobisys/fig/link.pdf> <C:/Users/v
-jialn.FAREAST/Dropbox/ViTag/Mobisys/fig/reader_tag_simplified.pdf

pdfTeX warning: pdflatex.EXE (file C:/Users/v-jialn.FAREAST/Dropbox/ViTag/Mobis
ys/fig/reader_tag_simplified.pdf): PDF inclusion: multiple pdfs with page group
 included in a single page
>]
Overfull \hbox (1.58769pt too wide) in paragraph at lines 72--74
\T1/ptm/m/n/10 sends out in-for-ma-tion by mod-u-lat-ing the car-rier us-ing On
/Off
 []

) (C:\Users\v-jialn.FAREAST\Dropbox\ViTag\Mobisys\design.tex
<fig/read_diagram.pdf, id=351, 648.92438pt x 362.85562pt>
File: fig/read_diagram.pdf Graphic file (type pdf)

<use fig/read_diagram.pdf>
Package pdftex.def Info: fig/read_diagram.pdf used on input line 15.
(pdftex.def)             Requested size: 240.0pt x 134.19911pt.

Overfull \hbox (11.47746pt too wide) in paragraph at lines 41--45
[]\T1/ptm/m/n/10 The ma-jor chal-lenges that arise in the de-sign of the ViRead
er-
 []

[6pdfTeX warning (ext4): destination with the same identifier (name{figure.7}) 
has been already used, duplicate ignored

\AtBegShi@Output ...ipout \box \AtBeginShipoutBox 
                                                  \fi \fi 
l.48 
      <C:/Users/v-jialn.FAREAST/Dropbox/ViTag/Mobisys/fig/read_diagram.pdf>]

LaTeX Warning: Reference `fig:diag-reader' on page 7 undefined on input line 55
.


Overfull \hbox (16.75717pt too wide) in paragraph at lines 63--64
[]\T1/ptm/m/n/10 Note that the gain of the dif-fer-en-tial am-pli-fier is pro-g
rammable
 []

Package epstopdf Info: Source file: <../illustrations/waveform1.eps>
(epstopdf)                    date: 2014-09-20 22:14:38
(epstopdf)                    size: 28189 bytes
(epstopdf)             Output file: <../illustrations/waveform1-eps-converted-t
o.pdf>
(epstopdf)                    date: 2014-09-23 11:17:21
(epstopdf)                    size: 18628 bytes
(epstopdf)             Command: <epstopdf --outfile=../illustrations/waveform1-
eps-converted-to.pdf ../illustrations/waveform1.eps>
(epstopdf)             \includegraphics on input line 106.
Package epstopdf Info: Output file is already uptodate.

<../illustrations/waveform1-eps-converted-to.pdf, id=365, 578.16pt x 432.61626p
t>
File: ../illustrations/waveform1-eps-converted-to.pdf Graphic file (type pdf)
 <use ../illustrations/waveform1-eps-converted-to.pdf>
Package pdftex.def Info: ../illustrations/waveform1-eps-converted-to.pdf used o
n input line 106.
(pdftex.def)             Requested size: 107.99927pt x 80.81169pt.
Package epstopdf Info: Source file: <../illustrations/waveform2.eps>
(epstopdf)                    date: 2014-09-20 22:14:50
(epstopdf)                    size: 25122 bytes
(epstopdf)             Output file: <../illustrations/waveform2-eps-converted-t
o.pdf>
(epstopdf)                    date: 2014-09-23 11:17:22
(epstopdf)                    size: 17732 bytes
(epstopdf)             Command: <epstopdf --outfile=../illustrations/waveform2-
eps-converted-to.pdf ../illustrations/waveform2.eps>
(epstopdf)             \includegraphics on input line 110.
Package epstopdf Info: Output file is already uptodate.

<../illustrations/waveform2-eps-converted-to.pdf, id=366, 578.16pt x 432.61626p
t>
File: ../illustrations/waveform2-eps-converted-to.pdf Graphic file (type pdf)
 <use ../illustrations/waveform2-eps-converted-to.pdf>
Package pdftex.def Info: ../illustrations/waveform2-eps-converted-to.pdf used o
n input line 110.
(pdftex.def)             Requested size: 107.99927pt x 80.81169pt.
Package epstopdf Info: Source file: <../illustrations/waveform3.eps>
(epstopdf)                    date: 2014-09-20 22:15:01
(epstopdf)                    size: 27054 bytes
(epstopdf)             Output file: <../illustrations/waveform3-eps-converted-t
o.pdf>
(epstopdf)                    date: 2014-09-23 11:17:22
(epstopdf)                    size: 18705 bytes
(epstopdf)             Command: <epstopdf --outfile=../illustrations/waveform3-
eps-converted-to.pdf ../illustrations/waveform3.eps>
(epstopdf)             \includegraphics on input line 113.
Package epstopdf Info: Output file is already uptodate.

<../illustrations/waveform3-eps-converted-to.pdf, id=367, 578.16pt x 432.61626p
t>
File: ../illustrations/waveform3-eps-converted-to.pdf Graphic file (type pdf)
 <use ../illustrations/waveform3-eps-converted-to.pdf>
Package pdftex.def Info: ../illustrations/waveform3-eps-converted-to.pdf used o
n input line 113.
(pdftex.def)             Requested size: 107.99927pt x 80.81169pt.
Package epstopdf Info: Source file: <../illustrations/waveform5.eps>
(epstopdf)                    date: 2014-09-20 22:15:19
(epstopdf)                    size: 29484 bytes
(epstopdf)             Output file: <../illustrations/waveform5-eps-converted-t
o.pdf>
(epstopdf)                    date: 2014-09-23 11:17:23
(epstopdf)                    size: 18802 bytes
(epstopdf)             Command: <epstopdf --outfile=../illustrations/waveform5-
eps-converted-to.pdf ../illustrations/waveform5.eps>
(epstopdf)             \includegraphics on input line 117.
Package epstopdf Info: Output file is already uptodate.

<../illustrations/waveform5-eps-converted-to.pdf, id=368, 578.16pt x 432.61626p
t>
File: ../illustrations/waveform5-eps-converted-to.pdf Graphic file (type pdf)
 <use ../illustrations/waveform5-eps-converted-to.pdf>
Package pdftex.def Info: ../illustrations/waveform5-eps-converted-to.pdf used o
n input line 117.
(pdftex.def)             Requested size: 107.99927pt x 80.81169pt.
Package epstopdf Info: Source file: <../figures/slidingWindow.eps>
(epstopdf)                    date: 2014-09-26 04:33:25
(epstopdf)                    size: 135461 bytes
(epstopdf)             Output file: <../figures/slidingWindow-eps-converted-to.
pdf>
(epstopdf)                    date: 2014-11-25 21:53:32
(epstopdf)                    size: 69796 bytes
(epstopdf)             Command: <epstopdf --outfile=../figures/slidingWindow-ep
s-converted-to.pdf ../figures/slidingWindow.eps>
(epstopdf)             \includegraphics on input line 131.
Package epstopdf Info: Output file is already uptodate.

<../figures/slidingWindow-eps-converted-to.pdf, id=369, 526.96875pt x 414.54875
pt>
File: ../figures/slidingWindow-eps-converted-to.pdf Graphic file (type pdf)
 <use ../figures/slidingWindow-eps-converted-to.pdf>
Package pdftex.def Info: ../figures/slidingWindow-eps-converted-to.pdf used on 
input line 131.
(pdftex.def)             Requested size: 240.0pt x 188.8034pt.
 [7pdfTeX warning (ext4): destination with the same identifier (name{figure.8})
 has been already used, duplicate ignored

\AtBegShi@Output ...ipout \box \AtBeginShipoutBox 
                                                  \fi \fi 
l.146 
      pdfTeX warning (ext4): destination with the same identifier (name{figure.
9}) has been already used, duplicate ignored

\AtBegShi@Output ...ipout \box \AtBeginShipoutBox 
                                                  \fi \fi 
l.146 
       <C:/Users/v-jialn.FAREAST/Dropbox/ViTag/illustrations/waveform1-eps-conv
erted-to.pdf> <C:/Users/v-jialn.FAREAST/Dropbox/ViTag/illustrations/waveform2-e
ps-converted-to.pdf> <C:/Users/v-jialn.FAREAST/Dropbox/ViTag/illustrations/wave
form3-eps-converted-to.pdf> <C:/Users/v-jialn.FAREAST/Dropbox/ViTag/illustratio
ns/waveform5-eps-converted-to.pdf> <C:/Users/v-jialn.FAREAST/Dropbox/ViTag/figu
res/slidingWindow-eps-converted-to.pdf>]
Overfull \hbox (8.8479pt too wide) in paragraph at lines 153--164
[]\T1/ptm/m/n/10 We de-velop a novel al-go-rithm, termed \T1/ptm/m/it/10 slidin
g-window multi-
 []


Overfull \hbox (2.16751pt too wide) in paragraph at lines 153--164
\T1/ptm/m/n/10 three-bit span, we match them against the cor-re-spond-ing tem-
 []

<fig/tag_diagram.pdf, id=538, 601.4972pt x 390.70969pt>
File: fig/tag_diagram.pdf Graphic file (type pdf)

<use fig/tag_diagram.pdf>
Package pdftex.def Info: fig/tag_diagram.pdf used on input line 219.
(pdftex.def)             Requested size: 240.0pt x 155.89359pt.
 [8pdfTeX warning (ext4): destination with the same identifier (name{figure.10}
) has been already used, duplicate ignored

\AtBegShi@Output ...ipout \box \AtBeginShipoutBox 
                                                  \fi \fi 
l.254 
       <C:/Users/v-jialn.FAREAST/Dropbox/ViTag/Mobisys/fig/tag_diagram.pdf>]
Overfull \hbox (5.50748pt too wide) in paragraph at lines 258--259
\T1/ptm/m/n/10 us-ing only ana-log el-e-ments and a low-power MCU (MSP430).
 []


LaTeX Warning: Reference `fig:diag_tag' on page 9 undefined on input line 274.

Package epstopdf Info: Source file: <../illustrations/EnergyReuseCircuits_2.eps
>
(epstopdf)                    date: 2014-09-25 19:48:38
(epstopdf)                    size: 61347 bytes
(epstopdf)             Output file: <../illustrations/EnergyReuseCircuits_2-eps
-converted-to.pdf>
(epstopdf)                    date: 2014-11-25 21:53:33
(epstopdf)                    size: 19994 bytes
(epstopdf)             Command: <epstopdf --outfile=../illustrations/EnergyReus
eCircuits_2-eps-converted-to.pdf ../illustrations/EnergyReuseCircuits_2.eps>
(epstopdf)             \includegraphics on input line 290.
Package epstopdf Info: Output file is already uptodate.

<../illustrations/EnergyReuseCircuits_2-eps-converted-to.pdf, id=556, 361.35pt 
x 207.77625pt>
File: ../illustrations/EnergyReuseCircuits_2-eps-converted-to.pdf Graphic file 
(type pdf)

<use ../illustrations/EnergyReuseCircuits_2-eps-converted-to.pdf>
Package pdftex.def Info: ../illustrations/EnergyReuseCircuits_2-eps-converted-t
o.pdf used on input line 290.
(pdftex.def)             Requested size: 240.0pt x 138.00142pt.
)
(C:\Users\v-jialn.FAREAST\Dropbox\ViTag\Mobisys\implementation.tex
<./fig/tag-front.jpg, id=558, 268.75406pt x 388.45125pt>
File: ./fig/tag-front.jpg Graphic file (type jpg)

<use ./fig/tag-front.jpg>
Package pdftex.def Info: ./fig/tag-front.jpg used on input line 12.
(pdftex.def)             Requested size: 80.99945pt x 117.07565pt.

<./fig/tag-back2.jpg, id=559, 608.2725pt x 876.876pt>
File: ./fig/tag-back2.jpg Graphic file (type jpg)

<use ./fig/tag-back2.jpg>
Package pdftex.def Info: ./fig/tag-back2.jpg used on input line 16.
(pdftex.def)             Requested size: 80.99945pt x 116.76755pt.

<./fig/reader_lamp_2.jpg, id=560, 1501.61pt x 2119.92pt>
File: ./fig/reader_lamp_2.jpg Graphic file (type jpg)

<use ./fig/reader_lamp_2.jpg>
Package pdftex.def Info: ./fig/reader_lamp_2.jpg used on input line 20.
(pdftex.def)             Requested size: 84.60022pt x 119.42635pt.

<./fig/reader_torch.jpg, id=561, 624.3325pt x 941.5175pt>
File: ./fig/reader_torch.jpg Graphic file (type jpg)

<use ./fig/reader_torch.jpg>
Package pdftex.def Info: ./fig/reader_torch.jpg used on input line 24.
(pdftex.def)             Requested size: 79.20044pt x 119.42772pt.

Underfull \hbox (badness 4927) in paragraph at lines 12--26
[][] [][]
 []


LaTeX Warning: `h' float specifier changed to `ht'.

[9pdfTeX warning (ext4): destination with the same identifier (name{figure.11})
 has been already used, duplicate ignored

\AtBegShi@Output ...ipout \box \AtBeginShipoutBox 
                                                  \fi \fi 
l.95 
     pdfTeX warning (ext4): destination with the same identifier (name{table.1}
) has been already used, duplicate ignored

\AtBegShi@Output ...ipout \box \AtBeginShipoutBox 
                                                  \fi \fi 
l.95 
      <C:/Users/v-jialn.FAREAST/Dropbox/ViTag/illustrations/EnergyReuseCircuits
_2-eps-converted-to.pdf>]
Overfull \hbox (3.40787pt too wide) in paragraph at lines 151--152
\T1/ptm/m/n/10 ture, hu-mid-ity and other sen-sors can be in-te-grated with ViT
ag.
 []


Overfull \hbox (1.19748pt too wide) in paragraph at lines 151--152
\T1/ptm/m/n/10 Sen-sor read-ings can be streamed to a ViReader-capable light-
 []

) (C:\Users\v-jialn.FAREAST\Dropbox\ViTag\Mobisys\evaluation.tex
<./fig/setup.jpg, id=582, 618.05907pt x 459.21562pt>
File: ./fig/setup.jpg Graphic file (type jpg)
 <use ./fig/setup.jpg>
Package pdftex.def Info: ./fig/setup.jpg used on input line 12.
(pdftex.def)             Requested size: 167.99927pt x 124.8237pt.

[10pdfTeX warning (ext4): destination with the same identifier (name{figure.12}
) has been already used, duplicate ignored

\AtBegShi@Output ...ipout \box \AtBeginShipoutBox 
                                                  \fi \fi 
l.30 
     pdfTeX warning (ext4): destination with the same identifier (name{table.2}
) has been already used, duplicate ignored

\AtBegShi@Output ...ipout \box \AtBeginShipoutBox 
                                                  \fi \fi 
l.30 
     pdfTeX warning (ext4): destination with the same identifier (name{figure.1
3}) has been already used, duplicate ignored

\AtBegShi@Output ...ipout \box \AtBeginShipoutBox 
                                                  \fi \fi 
l.30 
      <C:/Users/v-jialn.FAREAST/Dropbox/ViTag/Mobisys/fig/tag-front.jpg> <C:/Us
ers/v-jialn.FAREAST/Dropbox/ViTag/Mobisys/fig/tag-back2.jpg> <C:/Users/v-jialn.
FAREAST/Dropbox/ViTag/Mobisys/fig/reader_lamp_2.jpg> <C:/Users/v-jialn.FAREAST/
Dropbox/ViTag/Mobisys/fig/reader_torch.jpg> <C:/Users/v-jialn.FAREAST/Dropbox/V
iTag/Mobisys/fig/setup.jpg>]
Overfull \hbox (2.16203pt too wide) in paragraph at lines 37--38
\T1/ptm/m/n/10 be-low $\OT1/cmr/m/n/10 80%$\T1/ptm/m/n/10 , or equiv-a-lent BER
 be-low $\OT1/cmr/m/n/10 8\OML/cmm/m/it/10 :\OT1/cmr/m/n/10 26%$\T1/ptm/m/n/10 
) and $\OT1/cmr/m/n/10 0\OML/cmm/m/it/10 :\OT1/cmr/m/n/10 5\OML/cmm/m/it/10 kbp
s$
 []

Package epstopdf Info: Source file: <../evaluation/PackageLostRate_Dark.eps>
(epstopdf)                    date: 2014-09-26 10:23:45
(epstopdf)                    size: 11870 bytes
(epstopdf)             Output file: <../evaluation/PackageLostRate_Dark-eps-con
verted-to.pdf>
(epstopdf)                    date: 2014-11-25 21:53:33
(epstopdf)                    size: 5083 bytes
(epstopdf)             Command: <epstopdf --outfile=../evaluation/PackageLostRa
te_Dark-eps-converted-to.pdf ../evaluation/PackageLostRate_Dark.eps>
(epstopdf)             \includegraphics on input line 68.
Package epstopdf Info: Output file is already uptodate.

<../evaluation/PackageLostRate_Dark-eps-converted-to.pdf, id=595, 420.57124pt x
 316.18124pt>
File: ../evaluation/PackageLostRate_Dark-eps-converted-to.pdf Graphic file (typ
e pdf)
 <use ../evaluation/PackageLostRate_Dark-eps-converted-to.pdf>
Package pdftex.def Info: ../evaluation/PackageLostRate_Dark-eps-converted-to.pd
f used on input line 68.
(pdftex.def)             Requested size: 192.00073pt x 144.34514pt.
Package epstopdf Info: Source file: <fig/PackageLostRate_flashlight.eps>
(epstopdf)                    date: 2014-12-05 00:23:29
(epstopdf)                    size: 11962 bytes
(epstopdf)             Output file: <fig/PackageLostRate_flashlight-eps-convert
ed-to.pdf>
(epstopdf)                    date: 2014-12-05 00:23:33
(epstopdf)                    size: 5136 bytes
(epstopdf)             Command: <epstopdf --outfile=fig/PackageLostRate_flashli
ght-eps-converted-to.pdf fig/PackageLostRate_flashlight.eps>
(epstopdf)             \includegraphics on input line 79.
Package epstopdf Info: Output file is already uptodate.

<fig/PackageLostRate_flashlight-eps-converted-to.pdf, id=597, 421.575pt x 316.1
8124pt>
File: fig/PackageLostRate_flashlight-eps-converted-to.pdf Graphic file (type pd
f)
 <use fig/PackageLostRate_flashlight-eps-converted-to.pdf>
Package pdftex.def Info: fig/PackageLostRate_flashlight-eps-converted-to.pdf us
ed on input line 79.
(pdftex.def)             Requested size: 192.00073pt x 144.0026pt.
Package epstopdf Info: Source file: <../figures/angle_plr_100cm.eps>
(epstopdf)                    date: 2014-09-26 10:26:15
(epstopdf)                    size: 12028 bytes
(epstopdf)             Output file: <../figures/angle_plr_100cm-eps-converted-t
o.pdf>
(epstopdf)                    date: 2014-11-25 21:53:34
(epstopdf)                    size: 4666 bytes
(epstopdf)             Command: <epstopdf --outfile=../figures/angle_plr_100cm-
eps-converted-to.pdf ../figures/angle_plr_100cm.eps>
(epstopdf)             \includegraphics on input line 91.
Package epstopdf Info: Output file is already uptodate.

<../figures/angle_plr_100cm-eps-converted-to.pdf, id=599, 420.57124pt x 316.181
24pt>
File: ../figures/angle_plr_100cm-eps-converted-to.pdf Graphic file (type pdf)
 <use ../figures/angle_plr_100cm-eps-converted-to.pdf>
Package pdftex.def Info: ../figures/angle_plr_100cm-eps-converted-to.pdf used o
n input line 91.
(pdftex.def)             Requested size: 192.00073pt x 144.34514pt.
 [11pdfTeX warning (ext4): destination with the same identifier (name{figure.14
}) has been already used, duplicate ignored

\AtBegShi@Output ...ipout \box \AtBeginShipoutBox 
                                                  \fi \fi 
l.115 \subsection{Response Time}
                                \label{sec:bootstrap}pdfTeX warning (ext4): des
tination with the same identifier (name{figure.15}) has been already used, dupl
icate ignored

\AtBegShi@Output ...ipout \box \AtBeginShipoutBox 
                                                  \fi \fi 
l.115 \subsection{Response Time}
                                \label{sec:bootstrap}pdfTeX warning (ext4): des
tination with the same identifier (name{figure.16}) has been already used, dupl
icate ignored

\AtBegShi@Output ...ipout \box \AtBeginShipoutBox 
                                                  \fi \fi 
l.115 \subsection{Response Time}
                                \label{sec:bootstrap} <C:/Users/v-jialn.FAREAST
/Dropbox/ViTag/evaluation/PackageLostRate_Dark-eps-converted-to.pdf> <C:/Users/
v-jialn.FAREAST/Dropbox/ViTag/Mobisys/fig/PackageLostRate_flashlight-eps-conver
ted-to.pdf> <C:/Users/v-jialn.FAREAST/Dropbox/ViTag/figures/angle_plr_100cm-eps
-converted-to.pdf>]
Package epstopdf Info: Source file: <../figures/chargingtime_distance.eps>
(epstopdf)                    date: 2014-09-26 10:27:20
(epstopdf)                    size: 11827 bytes
(epstopdf)             Output file: <../figures/chargingtime_distance-eps-conve
rted-to.pdf>
(epstopdf)                    date: 2014-11-25 21:53:34
(epstopdf)                    size: 5244 bytes
(epstopdf)             Command: <epstopdf --outfile=../figures/chargingtime_dis
tance-eps-converted-to.pdf ../figures/chargingtime_distance.eps>
(epstopdf)             \includegraphics on input line 120.
Package epstopdf Info: Output file is already uptodate.

<../figures/chargingtime_distance-eps-converted-to.pdf, id=617, 420.57124pt x 3
16.18124pt>
File: ../figures/chargingtime_distance-eps-converted-to.pdf Graphic file (type 
pdf)
 <use ../figures/chargingtime_distance-eps-converted-to.pdf>
Package pdftex.def Info: ../figures/chargingtime_distance-eps-converted-to.pdf 
used on input line 120.
(pdftex.def)             Requested size: 192.00073pt x 144.34514pt.

Overfull \hbox (2.91841pt too wide) in paragraph at lines 126--128
[]\T1/ptm/m/n/10 If ViReader and ViTag are close enough, ViTag can quickly
 []

Package epstopdf Info: Source file: <../figures/angle_chargingtime.eps>
(epstopdf)                    date: 2014-09-26 10:20:27
(epstopdf)                    size: 12529 bytes
(epstopdf)             Output file: <../figures/angle_chargingtime-eps-converte
d-to.pdf>
(epstopdf)                    date: 2014-11-25 21:53:35
(epstopdf)                    size: 5267 bytes
(epstopdf)             Command: <epstopdf --outfile=../figures/angle_chargingti
me-eps-converted-to.pdf ../figures/angle_chargingtime.eps>
(epstopdf)             \includegraphics on input line 144.
Package epstopdf Info: Output file is already uptodate.

<../figures/angle_chargingtime-eps-converted-to.pdf, id=619, 420.57124pt x 316.
18124pt>
File: ../figures/angle_chargingtime-eps-converted-to.pdf Graphic file (type pdf
)
 <use ../figures/angle_chargingtime-eps-converted-to.pdf>
Package pdftex.def Info: ../figures/angle_chargingtime-eps-converted-to.pdf use
d on input line 144.
(pdftex.def)             Requested size: 192.00073pt x 144.34514pt.
Package epstopdf Info: Source file: <fig/ChannelResopnse_lamp.eps>
(epstopdf)                    date: 2014-12-06 01:31:38
(epstopdf)                    size: 12714 bytes
(epstopdf)             Output file: <fig/ChannelResopnse_lamp-eps-converted-to.
pdf>
(epstopdf)                    date: 2014-12-06 01:32:14
(epstopdf)                    size: 5424 bytes
(epstopdf)             Command: <epstopdf --outfile=fig/ChannelResopnse_lamp-ep
s-converted-to.pdf fig/ChannelResopnse_lamp.eps>
(epstopdf)             \includegraphics on input line 173.
Package epstopdf Info: Output file is already uptodate.

<fig/ChannelResopnse_lamp-eps-converted-to.pdf, id=624, 420.57124pt x 316.18124
pt>
File: fig/ChannelResopnse_lamp-eps-converted-to.pdf Graphic file (type pdf)
 <use fig/ChannelResopnse_lamp-eps-converted-to.pdf>
Package pdftex.def Info: fig/ChannelResopnse_lamp-eps-converted-to.pdf used on 
input line 173.
(pdftex.def)             Requested size: 184.80103pt x 138.932pt.

Underfull \vbox (badness 1082) has occurred while \output is active []

 [12pdfTeX warning (ext4): destination with the same identifier (name{figure.17
}) has been already used, duplicate ignored

\AtBegShi@Output ...ipout \box \AtBeginShipoutBox 
                                                  \fi \fi 
l.179 
      pdfTeX warning (ext4): destination with the same identifier (name{figure.
18}) has been already used, duplicate ignored

\AtBegShi@Output ...ipout \box \AtBeginShipoutBox 
                                                  \fi \fi 
l.179 
       <C:/Users/v-jialn.FAREAST/Dropbox/ViTag/figures/chargingtime_distance-ep
s-converted-to.pdf> <C:/Users/v-jialn.FAREAST/Dropbox/ViTag/figures/angle_charg
ingtime-eps-converted-to.pdf>]
Package epstopdf Info: Source file: <fig/ChannelResopnse_flashlight.eps>
(epstopdf)                    date: 2014-12-06 12:26:50
(epstopdf)                    size: 14145 bytes
(epstopdf)             Output file: <fig/ChannelResopnse_flashlight-eps-convert
ed-to.pdf>
(epstopdf)                    date: 2014-12-06 12:27:00
(epstopdf)                    size: 6966 bytes
(epstopdf)             Command: <epstopdf --outfile=fig/ChannelResopnse_flashli
ght-eps-converted-to.pdf fig/ChannelResopnse_flashlight.eps>
(epstopdf)             \includegraphics on input line 182.
Package epstopdf Info: Output file is already uptodate.

<fig/ChannelResopnse_flashlight-eps-converted-to.pdf, id=639, 421.575pt x 316.1
8124pt>
File: fig/ChannelResopnse_flashlight-eps-converted-to.pdf Graphic file (type pd
f)
 <use fig/ChannelResopnse_flashlight-eps-converted-to.pdf>
Package pdftex.def Info: fig/ChannelResopnse_flashlight-eps-converted-to.pdf us
ed on input line 182.
(pdftex.def)             Requested size: 184.80103pt x 138.60394pt.
Package epstopdf Info: Source file: <fig/ContinuesWorkingRange_flash.eps>
(epstopdf)                    date: 2014-12-05 00:19:48
(epstopdf)                    size: 14015 bytes
(epstopdf)             Output file: <fig/ContinuesWorkingRange_flash-eps-conver
ted-to.pdf>
(epstopdf)                    date: 2014-12-05 00:19:54
(epstopdf)                    size: 7781 bytes
(epstopdf)             Command: <epstopdf --outfile=fig/ContinuesWorkingRange_f
lash-eps-converted-to.pdf fig/ContinuesWorkingRange_flash.eps>
(epstopdf)             \includegraphics on input line 204.
Package epstopdf Info: Output file is already uptodate.

<fig/ContinuesWorkingRange_flash-eps-converted-to.pdf, id=646, 414.54875pt x 46
3.7325pt>
File: fig/ContinuesWorkingRange_flash-eps-converted-to.pdf Graphic file (type p
df)
 <use fig/ContinuesWorkingRange_flash-eps-converted-to.pdf>
Package pdftex.def Info: fig/ContinuesWorkingRange_flash-eps-converted-to.pdf u
sed on input line 204.
(pdftex.def)             Requested size: 167.99927pt x 187.93092pt.
Package epstopdf Info: Source file: <../figures/security_experiment_figure2.eps
>
(epstopdf)                    date: 2014-09-26 10:37:12
(epstopdf)                    size: 12443 bytes
(epstopdf)             Output file: <../figures/security_experiment_figure2-eps
-converted-to.pdf>
(epstopdf)                    date: 2014-10-11 01:29:07
(epstopdf)                    size: 7799 bytes
(epstopdf)             Command: <epstopdf --outfile=../figures/security_experim
ent_figure2-eps-converted-to.pdf ../figures/security_experiment_figure2.eps>
(epstopdf)             \includegraphics on input line 227.
Package epstopdf Info: Output file is already uptodate.

<../figures/security_experiment_figure2-eps-converted-to.pdf, id=650, 370.38374
pt x 436.63126pt>
File: ../figures/security_experiment_figure2-eps-converted-to.pdf Graphic file 
(type pdf)

<use ../figures/security_experiment_figure2-eps-converted-to.pdf>
Package pdftex.def Info: ../figures/security_experiment_figure2-eps-converted-t
o.pdf used on input line 227.
(pdftex.def)             Requested size: 167.99927pt x 198.04791pt.

Overfull \hbox (2.77791pt too wide) in paragraph at lines 244--249
[]\T1/ptm/m/n/10 The sig-nal can ac-tu-ally be de-tected quite far away as show
n
 []

[13pdfTeX warning (ext4): destination with the same identifier (name{figure.19}
) has been already used, duplicate ignored

\AtBegShi@Output ...ipout \box \AtBeginShipoutBox 
                                                  \fi \fi 
l.249 
      pdfTeX warning (ext4): destination with the same identifier (name{figure.
20}) has been already used, duplicate ignored

\AtBegShi@Output ...ipout \box \AtBeginShipoutBox 
                                                  \fi \fi 
l.249 
      pdfTeX warning (ext4): destination with the same identifier (name{figure.
21}) has been already used, duplicate ignored

\AtBegShi@Output ...ipout \box \AtBeginShipoutBox 
                                                  \fi \fi 
l.249 
       <C:/Users/v-jialn.FAREAST/Dropbox/ViTag/Mobisys/fig/ChannelResopnse_lamp
-eps-converted-to.pdf> <C:/Users/v-jialn.FAREAST/Dropbox/ViTag/Mobisys/fig/Chan
nelResopnse_flashlight-eps-converted-to.pdf> <C:/Users/v-jialn.FAREAST/Dropbox/
ViTag/Mobisys/fig/ContinuesWorkingRange_flash-eps-converted-to.pdf>])
(C:\Users\v-jialn.FAREAST\Dropbox\ViTag\Mobisys\discussion.tex)
(C:\Users\v-jialn.FAREAST\Dropbox\ViTag\Mobisys\conclusion.tex)
(C:\Users\v-jialn.FAREAST\Dropbox\ViTag\Mobisys\appendix.tex)
(C:\Users\v-jialn.FAREAST\Dropbox\ViTag\Mobisys\63-retrovlc.bbl [14pdfTeX warni
ng (ext4): destination with the same identifier (name{figure.22}) has been alre
ady used, duplicate ignored

\AtBegShi@Output ...ipout \box \AtBeginShipoutBox 
                                                  \fi \fi 
l.1 \begin{thebibliography}{10}
                                <C:/Users/v-jialn.FAREAST/Dropbox/ViTag/figures
/security_experiment_figure2-eps-converted-to.pdf>]
LaTeX Font Info:    Try loading font information for T1+pcr on input line 5.

("C:\Program Files (x86)\MiKTeX 2.9\tex\latex\psnfss\t1pcr.fd"
File: t1pcr.fd 2001/06/04 font definitions for T1/pcr.
))
Package atveryend Info: Empty hook `BeforeClearDocument' on input line 114.
 [15]
Package atveryend Info: Empty hook `AfterLastShipout' on input line 114.

(C:\Users\v-jialn.FAREAST\Dropbox\ViTag\Mobisys\63-retrovlc.aux)
Package atveryend Info: Executing hook `AtVeryEndDocument' on input line 114.
Package atveryend Info: Executing hook `AtEndAfterFileList' on input line 114.
Package rerunfilecheck Info: File `63-retrovlc.out' has not changed.
(rerunfilecheck)             Checksum: 680D97239F08531B468796C6465EFA30;1465.


LaTeX Warning: There were undefined references.

Package atveryend Info: Empty hook `AtVeryVeryEnd' on input line 114.
 ) 
Here is how much of TeX's memory you used:
 9216 strings out of 493921
 133608 string characters out of 3144846
 242219 words of memory out of 3000000
 12123 multiletter control sequences out of 15000+200000
 59032 words of font info for 73 fonts, out of 3000000 for 9000
 841 hyphenation exceptions out of 8191
 41i,11n,31p,1373b,407s stack positions out of 5000i,500n,10000p,200000b,50000s
{C:/Program Files (x86)/MiKTeX 2.9/fonts/enc/dvips/fontname/8r.enc}<C:/Progra
m Files (x86)/MiKTeX 2.9/fonts/type1/public/amsfonts/cm/cmmi10.pfb><C:/Program 
Files (x86)/MiKTeX 2.9/fonts/type1/public/amsfonts/cm/cmmi7.pfb><C:/Program Fil
es (x86)/MiKTeX 2.9/fonts/type1/public/amsfonts/cm/cmr10.pfb><C:/Program Files 
(x86)/MiKTeX 2.9/fonts/type1/public/amsfonts/cm/cmr7.pfb><C:/Program Files (x86
)/MiKTeX 2.9/fonts/type1/public/amsfonts/cm/cmsy10.pfb><C:/Program Files (x86)/
MiKTeX 2.9/fonts/type1/public/amsfonts/cm/cmsy7.pfb><C:/Program Files (x86)/MiK
TeX 2.9/fonts/type1/urw/courier/ucrr8a.pfb><C:/Program Files (x86)/MiKTeX 2.9/f
onts/type1/urw/helvetic/uhvb8a.pfb><C:/Program Files (x86)/MiKTeX 2.9/fonts/typ
e1/urw/helvetic/uhvr8a.pfb><C:/Program Files (x86)/MiKTeX 2.9/fonts/type1/urw/t
imes/utmb8a.pfb><C:/Program Files (x86)/MiKTeX 2.9/fonts/type1/urw/times/utmr8a
.pfb><C:/Program Files (x86)/MiKTeX 2.9/fonts/type1/urw/times/utmri8a.pfb>
Output written on 63-retrovlc.pdf (15 pages, 2334078 bytes).
PDF statistics:
 765 PDF objects out of 1000 (max. 8388607)
 115 named destinations out of 1000 (max. 500000)
 358 words of extra memory for PDF output out of 10000 (max. 10000000)

